[INFO] Scanning for projects...
[INFO] 
[INFO] --------------------< com.mqacademy:mqacademy-api >---------------------
[INFO] Building mqacademy-api 1.0.0
[INFO]   from pom.xml
[INFO] --------------------------------[ jar ]---------------------------------
[INFO] 
[INFO] >>> spring-boot:3.2.5:run (default-cli) > test-compile @ mqacademy-api >>>
[INFO] 
[INFO] --- resources:3.3.1:resources (default-resources) @ mqacademy-api ---
[INFO] Copying 2 resources from src/main/resources to target/classes
[INFO] Copying 1 resource from src/main/resources to target/classes
[INFO] 
[INFO] --- compiler:3.11.0:compile (default-compile) @ mqacademy-api ---
[INFO] Nothing to compile - all classes are up to date
[INFO] 
[INFO] --- resources:3.3.1:testResources (default-testResources) @ mqacademy-api ---
[INFO] skip non existing resourceDirectory /home/runner/work/t/t/backend/src/test/resources
[INFO] 
[INFO] --- compiler:3.11.0:testCompile (default-testCompile) @ mqacademy-api ---
[INFO] No sources to compile
[INFO] 
[INFO] <<< spring-boot:3.2.5:run (default-cli) < test-compile @ mqacademy-api <<<
[INFO] 
[INFO] 
[INFO] --- spring-boot:3.2.5:run (default-cli) @ mqacademy-api ---
[INFO] Attaching agents: []

  .   ____          _            __ _ _
 /\\ / ___'_ __ _ _(_)_ __  __ _ \ \ \ \
( ( )\___ | '_ | '_| | '_ \/ _` | \ \ \ \
 \\/  ___)| |_)| | | | | || (_| |  ) ) ) )
  '  |____| .__|_| |_|_| |_\__, | / / / /
 =========|_|==============|___/=/_/_/_/
 :: Spring Boot ::                (v3.2.5)

2026-03-27T21:30:35.063Z  INFO 5370 --- [mqacademy-api] [           main] com.mqacademy.api.MqAcademyApplication   : Starting MqAcademyApplication using Java 17.0.18 with PID 5370 (/home/runner/work/t/t/backend/target/classes started by runner in /home/runner/work/t/t/backend)
2026-03-27T21:30:35.066Z  INFO 5370 --- [mqacademy-api] [           main] com.mqacademy.api.MqAcademyApplication   : No active profile set, falling back to 1 default profile: "default"
2026-03-27T21:30:35.603Z  INFO 5370 --- [mqacademy-api] [           main] .s.d.r.c.RepositoryConfigurationDelegate : Bootstrapping Spring Data JPA repositories in DEFAULT mode.
2026-03-27T21:30:35.670Z  INFO 5370 --- [mqacademy-api] [           main] .s.d.r.c.RepositoryConfigurationDelegate : Finished Spring Data repository scanning in 57 ms. Found 7 JPA repository interfaces.
2026-03-27T21:30:36.074Z  INFO 5370 --- [mqacademy-api] [           main] o.s.b.w.embedded.tomcat.TomcatWebServer  : Tomcat initialized with port 8080 (http)
2026-03-27T21:30:36.083Z  INFO 5370 --- [mqacademy-api] [           main] o.apache.catalina.core.StandardService   : Starting service [Tomcat]
2026-03-27T21:30:36.083Z  INFO 5370 --- [mqacademy-api] [           main] o.apache.catalina.core.StandardEngine    : Starting Servlet engine: [Apache Tomcat/10.1.20]
2026-03-27T21:30:36.118Z  INFO 5370 --- [mqacademy-api] [           main] o.a.c.c.C.[Tomcat].[localhost].[/]       : Initializing Spring embedded WebApplicationContext
2026-03-27T21:30:36.119Z  INFO 5370 --- [mqacademy-api] [           main] w.s.c.ServletWebServerApplicationContext : Root WebApplicationContext: initialization completed in 987 ms
2026-03-27T21:30:36.150Z  INFO 5370 --- [mqacademy-api] [           main] com.zaxxer.hikari.HikariDataSource       : HikariPool-1 - Starting...
2026-03-27T21:30:36.267Z  INFO 5370 --- [mqacademy-api] [           main] com.zaxxer.hikari.pool.HikariPool        : HikariPool-1 - Added connection conn0: url=jdbc:h2:mem:mqacademy user=SA
2026-03-27T21:30:36.269Z  INFO 5370 --- [mqacademy-api] [           main] com.zaxxer.hikari.HikariDataSource       : HikariPool-1 - Start completed.
2026-03-27T21:30:36.276Z  INFO 5370 --- [mqacademy-api] [           main] o.s.b.a.h2.H2ConsoleAutoConfiguration    : H2 console available at '/h2-console'. Database available at 'jdbc:h2:mem:mqacademy'
2026-03-27T21:30:36.342Z  INFO 5370 --- [mqacademy-api] [           main] o.hibernate.jpa.internal.util.LogHelper  : HHH000204: Processing PersistenceUnitInfo [name: default]
2026-03-27T21:30:36.373Z  INFO 5370 --- [mqacademy-api] [           main] org.hibernate.Version                    : HHH000412: Hibernate ORM core version 6.4.4.Final
2026-03-27T21:30:36.400Z  INFO 5370 --- [mqacademy-api] [           main] o.h.c.internal.RegionFactoryInitiator    : HHH000026: Second-level cache disabled
2026-03-27T21:30:36.543Z  INFO 5370 --- [mqacademy-api] [           main] o.s.o.j.p.SpringPersistenceUnitInfo      : No LoadTimeWeaver setup: ignoring JPA class transformer
2026-03-27T21:30:36.571Z  WARN 5370 --- [mqacademy-api] [           main] org.hibernate.orm.deprecation            : HHH90000025: H2Dialect does not need to be specified explicitly using 'hibernate.dialect' (remove the property setting and it will be selected by default)
2026-03-27T21:30:37.300Z  INFO 5370 --- [mqacademy-api] [           main] o.h.e.t.j.p.i.JtaPlatformInitiator       : HHH000489: No JTA platform available (set 'hibernate.transaction.jta.platform' to enable JTA platform integration)
2026-03-27T21:30:37.360Z  INFO 5370 --- [mqacademy-api] [           main] j.LocalContainerEntityManagerFactoryBean : Initialized JPA EntityManagerFactory for persistence unit 'default'
2026-03-27T21:30:37.764Z  WARN 5370 --- [mqacademy-api] [           main] JpaBaseConfiguration$JpaWebConfiguration : spring.jpa.open-in-view is enabled by default. Therefore, database queries may be performed during view rendering. Explicitly configure spring.jpa.open-in-view to disable this warning
2026-03-27T21:30:37.983Z  INFO 5370 --- [mqacademy-api] [           main] o.s.s.web.DefaultSecurityFilterChain     : Will secure any request with [org.springframework.security.web.session.DisableEncodeUrlFilter@2d398cfb, org.springframework.security.web.context.request.async.WebAsyncManagerIntegrationFilter@23307c6c, org.springframework.security.web.context.SecurityContextHolderFilter@30ce78e3, org.springframework.security.web.header.HeaderWriterFilter@1b84d03d, org.springframework.web.filter.CorsFilter@75c45c4b, org.springframework.security.web.authentication.logout.LogoutFilter@642b71d6, com.mqacademy.api.security.JwtAuthenticationFilter@6406b84d, org.springframework.security.web.savedrequest.RequestCacheAwareFilter@34a482d0, org.springframework.security.web.servletapi.SecurityContextHolderAwareRequestFilter@2a738d47, org.springframework.security.web.authentication.AnonymousAuthenticationFilter@7202009e, org.springframework.security.web.session.SessionManagementFilter@6bf34912, org.springframework.security.web.access.ExceptionTranslationFilter@58a0f75b, org.springframework.security.web.access.intercept.AuthorizationFilter@59172d2]
2026-03-27T21:30:38.192Z  INFO 5370 --- [mqacademy-api] [           main] o.s.b.w.embedded.tomcat.TomcatWebServer  : Tomcat started on port 8080 (http) with context path ''
2026-03-27T21:30:38.200Z  INFO 5370 --- [mqacademy-api] [           main] com.mqacademy.api.MqAcademyApplication   : Started MqAcademyApplication in 3.43 seconds (process running for 3.669)
2026-03-27T21:30:43.958Z  INFO 5370 --- [mqacademy-api] [nio-8080-exec-1] o.a.c.c.C.[Tomcat].[localhost].[/]       : Initializing Spring DispatcherServlet 'dispatcherServlet'
2026-03-27T21:30:43.958Z  INFO 5370 --- [mqacademy-api] [nio-8080-exec-1] o.s.web.servlet.DispatcherServlet        : Initializing Servlet 'dispatcherServlet'
2026-03-27T21:30:43.959Z  INFO 5370 --- [mqacademy-api] [nio-8080-exec-1] o.s.web.servlet.DispatcherServlet        : Completed initialization in 1 ms
